
Importing Model from XMI
Root Package: Dictamen
Unknown Version Control configuration: Dictamen
Add Classifier Role: Modelo de pruebas
Add Classifier Role: Modelo funcional
Add Classifier Role: Despliegue
Add Classifier Role: Diseño técnico
Add Classifier Role: Componentes de software
Add Classifier Role: Modelo de procesos
Add Classifier Role: Modelo de dominio
Add Classifier Role: Requerimientos
Append Package: Componentes de software
Append Package: Despliegue
Append Package: Diseño técnico
Append Package: Modelo de dominio
Append Package: Modelo de procesos
Append Package: Modelo funcional
Append Package: Requerimientos
Append Package: Modelo de pruebas
Resolving Classifiers
Resolving Owners
Resolve Package Links
Add Extensions
Add Diagrams
Resolving DiagramIDs
Resolving Association Classes
Resolving Parameter Types
Resolving Attribute Types
Resolving Note links
Fixup external references
Import Complete!
