[2015-10-19 14:17:44,630] DEBUG {main} tst (mx.gob.imss.cit.dictamen.contador.services.BdtuServiceImplTest::testGetPatronDictamen:31)
[2015-10-19 14:17:44,635] DEBUG {main} cargando1 (mx.gob.imss.cit.dictamen.contador.services.BdtuServiceImplTest::testGetPatronDictamen:32)
[2015-10-19 14:17:44,635] DEBUG {main} cargando (mx.gob.imss.cit.dictamen.contador.services.BdtuServiceImplTest::testGetPatronDictamen:35)
[2015-10-19 14:18:06,696]  INFO {main} Inicializando InitialContext con el servicio: serviciosPersonaBusiness#mx.gob.imss.ctirss.gestionpersonas.servicios.publicos.ServiciosPersonaBusinessRemote (mx.gob.imss.cit.dictamen.contador.services.BaseBdtuService::locate:33)
[2015-10-19 14:18:06,831]  INFO {main} Inicializando InitialContext con el servicio: afectarDatosPersonaBusiness#mx.gob.imss.ctirss.gestionpersonas.servicios.business.AfectarDatosPersonaBusinessRemote (mx.gob.imss.cit.dictamen.contador.services.BaseBdtuService::locate:33)
[2015-10-19 14:18:06,858]  INFO {main} ERROR: En el servicio BdtuServiceBusiness al tratar de obtener una persona fisica por rfc. (mx.gob.imss.cit.dictamen.contador.services.impl.BdtuServiceImpl::obtenerRegistroPersonaFisicaPorRFC:105)
java.lang.NullPointerException
	at mx.gob.imss.cit.dictamen.contador.services.impl.BdtuServiceImpl.obtenerRegistroPersonaFisicaPorRFC(BdtuServiceImpl.java:64)
	at mx.gob.imss.cit.dictamen.contador.services.BdtuServiceImplTest.testGetPatronDictamen(BdtuServiceImplTest.java:47)
	at sun.reflect.NativeMethodAccessorImpl.invoke0(Native Method)
	at sun.reflect.NativeMethodAccessorImpl.invoke(NativeMethodAccessorImpl.java:57)
	at sun.reflect.DelegatingMethodAccessorImpl.invoke(DelegatingMethodAccessorImpl.java:43)
	at java.lang.reflect.Method.invoke(Method.java:606)
	at org.junit.runners.model.FrameworkMethod$1.runReflectiveCall(FrameworkMethod.java:44)
	at org.junit.internal.runners.model.ReflectiveCallable.run(ReflectiveCallable.java:15)
	at org.junit.runners.model.FrameworkMethod.invokeExplosively(FrameworkMethod.java:41)
	at org.junit.internal.runners.statements.InvokeMethod.evaluate(InvokeMethod.java:20)
	at org.junit.internal.runners.statements.RunBefores.evaluate(RunBefores.java:28)
	at org.junit.internal.runners.statements.RunAfters.evaluate(RunAfters.java:31)
	at org.junit.runners.BlockJUnit4ClassRunner.runChild(BlockJUnit4ClassRunner.java:73)
	at org.junit.runners.BlockJUnit4ClassRunner.runChild(BlockJUnit4ClassRunner.java:46)
	at org.junit.runners.ParentRunner.runChildren(ParentRunner.java:180)
	at org.junit.runners.ParentRunner.access$000(ParentRunner.java:41)
	at org.junit.runners.ParentRunner$1.evaluate(ParentRunner.java:173)
	at org.junit.internal.runners.statements.RunBefores.evaluate(RunBefores.java:28)
	at org.junit.internal.runners.statements.RunAfters.evaluate(RunAfters.java:31)
	at org.junit.runners.ParentRunner.run(ParentRunner.java:220)
	at org.apache.maven.surefire.junit4.JUnit4TestSet.execute(JUnit4TestSet.java:53)
	at org.apache.maven.surefire.junit4.JUnit4Provider.executeTestSet(JUnit4Provider.java:123)
	at org.apache.maven.surefire.junit4.JUnit4Provider.invoke(JUnit4Provider.java:104)
	at sun.reflect.NativeMethodAccessorImpl.invoke0(Native Method)
	at sun.reflect.NativeMethodAccessorImpl.invoke(NativeMethodAccessorImpl.java:57)
	at sun.reflect.DelegatingMethodAccessorImpl.invoke(DelegatingMethodAccessorImpl.java:43)
	at java.lang.reflect.Method.invoke(Method.java:606)
	at org.apache.maven.surefire.util.ReflectionUtils.invokeMethodWithArray(ReflectionUtils.java:164)
	at org.apache.maven.surefire.booter.ProviderFactory$ProviderProxy.invoke(ProviderFactory.java:110)
	at org.apache.maven.surefire.booter.SurefireStarter.invokeProvider(SurefireStarter.java:175)
	at org.apache.maven.surefire.booter.SurefireStarter.runSuitesInProcessWhenForked(SurefireStarter.java:107)
	at org.apache.maven.surefire.booter.ForkedBooter.main(ForkedBooter.java:68)
[2015-10-19 14:18:06,864] DEBUG {main}  (mx.gob.imss.cit.dictamen.contador.services.BdtuServiceImplTest::testGetPatronDictamen:53)
java.lang.NullPointerException
	at mx.gob.imss.cit.dictamen.contador.services.BdtuServiceImplTest.testGetPatronDictamen(BdtuServiceImplTest.java:48)
	at sun.reflect.NativeMethodAccessorImpl.invoke0(Native Method)
	at sun.reflect.NativeMethodAccessorImpl.invoke(NativeMethodAccessorImpl.java:57)
	at sun.reflect.DelegatingMethodAccessorImpl.invoke(DelegatingMethodAccessorImpl.java:43)
	at java.lang.reflect.Method.invoke(Method.java:606)
	at org.junit.runners.model.FrameworkMethod$1.runReflectiveCall(FrameworkMethod.java:44)
	at org.junit.internal.runners.model.ReflectiveCallable.run(ReflectiveCallable.java:15)
	at org.junit.runners.model.FrameworkMethod.invokeExplosively(FrameworkMethod.java:41)
	at org.junit.internal.runners.statements.InvokeMethod.evaluate(InvokeMethod.java:20)
	at org.junit.internal.runners.statements.RunBefores.evaluate(RunBefores.java:28)
	at org.junit.internal.runners.statements.RunAfters.evaluate(RunAfters.java:31)
	at org.junit.runners.BlockJUnit4ClassRunner.runChild(BlockJUnit4ClassRunner.java:73)
	at org.junit.runners.BlockJUnit4ClassRunner.runChild(BlockJUnit4ClassRunner.java:46)
	at org.junit.runners.ParentRunner.runChildren(ParentRunner.java:180)
	at org.junit.runners.ParentRunner.access$000(ParentRunner.java:41)
	at org.junit.runners.ParentRunner$1.evaluate(ParentRunner.java:173)
	at org.junit.internal.runners.statements.RunBefores.evaluate(RunBefores.java:28)
	at org.junit.internal.runners.statements.RunAfters.evaluate(RunAfters.java:31)
	at org.junit.runners.ParentRunner.run(ParentRunner.java:220)
	at org.apache.maven.surefire.junit4.JUnit4TestSet.execute(JUnit4TestSet.java:53)
	at org.apache.maven.surefire.junit4.JUnit4Provider.executeTestSet(JUnit4Provider.java:123)
	at org.apache.maven.surefire.junit4.JUnit4Provider.invoke(JUnit4Provider.java:104)
	at sun.reflect.NativeMethodAccessorImpl.invoke0(Native Method)
	at sun.reflect.NativeMethodAccessorImpl.invoke(NativeMethodAccessorImpl.java:57)
	at sun.reflect.DelegatingMethodAccessorImpl.invoke(DelegatingMethodAccessorImpl.java:43)
	at java.lang.reflect.Method.invoke(Method.java:606)
	at org.apache.maven.surefire.util.ReflectionUtils.invokeMethodWithArray(ReflectionUtils.java:164)
	at org.apache.maven.surefire.booter.ProviderFactory$ProviderProxy.invoke(ProviderFactory.java:110)
	at org.apache.maven.surefire.booter.SurefireStarter.invokeProvider(SurefireStarter.java:175)
	at org.apache.maven.surefire.booter.SurefireStarter.runSuitesInProcessWhenForked(SurefireStarter.java:107)
	at org.apache.maven.surefire.booter.ForkedBooter.main(ForkedBooter.java:68)
[2015-10-19 14:18:36,321] DEBUG {main} tst (mx.gob.imss.cit.dictamen.contador.services.BdtuServiceImplTest::testGetPatronDictamen:31)
[2015-10-19 14:18:36,325] DEBUG {main} cargando1 (mx.gob.imss.cit.dictamen.contador.services.BdtuServiceImplTest::testGetPatronDictamen:32)
[2015-10-19 14:18:36,325] DEBUG {main} cargando (mx.gob.imss.cit.dictamen.contador.services.BdtuServiceImplTest::testGetPatronDictamen:35)
[2015-10-19 14:18:36,906]  INFO {main} Inicializando InitialContext con el servicio: serviciosPersonaBusiness#mx.gob.imss.ctirss.gestionpersonas.servicios.publicos.ServiciosPersonaBusinessRemote (mx.gob.imss.cit.dictamen.contador.services.BaseBdtuService::locate:33)
[2015-10-19 14:18:37,026]  INFO {main} Inicializando InitialContext con el servicio: afectarDatosPersonaBusiness#mx.gob.imss.ctirss.gestionpersonas.servicios.business.AfectarDatosPersonaBusinessRemote (mx.gob.imss.cit.dictamen.contador.services.BaseBdtuService::locate:33)
[2015-10-19 14:18:37,046]  INFO {main} ERROR: En el servicio BdtuServiceBusiness al tratar de obtener una persona fisica por rfc. (mx.gob.imss.cit.dictamen.contador.services.impl.BdtuServiceImpl::obtenerRegistroPersonaFisicaPorRFC:105)
java.lang.NullPointerException
	at mx.gob.imss.cit.dictamen.contador.services.impl.BdtuServiceImpl.obtenerRegistroPersonaFisicaPorRFC(BdtuServiceImpl.java:64)
	at mx.gob.imss.cit.dictamen.contador.services.BdtuServiceImplTest.testGetPatronDictamen(BdtuServiceImplTest.java:47)
	at sun.reflect.NativeMethodAccessorImpl.invoke0(Native Method)
	at sun.reflect.NativeMethodAccessorImpl.invoke(NativeMethodAccessorImpl.java:57)
	at sun.reflect.DelegatingMethodAccessorImpl.invoke(DelegatingMethodAccessorImpl.java:43)
	at java.lang.reflect.Method.invoke(Method.java:606)
	at org.junit.runners.model.FrameworkMethod$1.runReflectiveCall(FrameworkMethod.java:44)
	at org.junit.internal.runners.model.ReflectiveCallable.run(ReflectiveCallable.java:15)
	at org.junit.runners.model.FrameworkMethod.invokeExplosively(FrameworkMethod.java:41)
	at org.junit.internal.runners.statements.InvokeMethod.evaluate(InvokeMethod.java:20)
	at org.junit.internal.runners.statements.RunBefores.evaluate(RunBefores.java:28)
	at org.junit.internal.runners.statements.RunAfters.evaluate(RunAfters.java:31)
	at org.junit.runners.BlockJUnit4ClassRunner.runChild(BlockJUnit4ClassRunner.java:73)
	at org.junit.runners.BlockJUnit4ClassRunner.runChild(BlockJUnit4ClassRunner.java:46)
	at org.junit.runners.ParentRunner.runChildren(ParentRunner.java:180)
	at org.junit.runners.ParentRunner.access$000(ParentRunner.java:41)
	at org.junit.runners.ParentRunner$1.evaluate(ParentRunner.java:173)
	at org.junit.internal.runners.statements.RunBefores.evaluate(RunBefores.java:28)
	at org.junit.internal.runners.statements.RunAfters.evaluate(RunAfters.java:31)
	at org.junit.runners.ParentRunner.run(ParentRunner.java:220)
	at org.apache.maven.surefire.junit4.JUnit4TestSet.execute(JUnit4TestSet.java:53)
	at org.apache.maven.surefire.junit4.JUnit4Provider.executeTestSet(JUnit4Provider.java:123)
	at org.apache.maven.surefire.junit4.JUnit4Provider.invoke(JUnit4Provider.java:104)
	at sun.reflect.NativeMethodAccessorImpl.invoke0(Native Method)
	at sun.reflect.NativeMethodAccessorImpl.invoke(NativeMethodAccessorImpl.java:57)
	at sun.reflect.DelegatingMethodAccessorImpl.invoke(DelegatingMethodAccessorImpl.java:43)
	at java.lang.reflect.Method.invoke(Method.java:606)
	at org.apache.maven.surefire.util.ReflectionUtils.invokeMethodWithArray(ReflectionUtils.java:164)
	at org.apache.maven.surefire.booter.ProviderFactory$ProviderProxy.invoke(ProviderFactory.java:110)
	at org.apache.maven.surefire.booter.SurefireStarter.invokeProvider(SurefireStarter.java:175)
	at org.apache.maven.surefire.booter.SurefireStarter.runSuitesInProcessWhenForked(SurefireStarter.java:107)
	at org.apache.maven.surefire.booter.ForkedBooter.main(ForkedBooter.java:68)
[2015-10-19 14:18:37,051] DEBUG {main}  (mx.gob.imss.cit.dictamen.contador.services.BdtuServiceImplTest::testGetPatronDictamen:53)
java.lang.NullPointerException
	at mx.gob.imss.cit.dictamen.contador.services.BdtuServiceImplTest.testGetPatronDictamen(BdtuServiceImplTest.java:48)
	at sun.reflect.NativeMethodAccessorImpl.invoke0(Native Method)
	at sun.reflect.NativeMethodAccessorImpl.invoke(NativeMethodAccessorImpl.java:57)
	at sun.reflect.DelegatingMethodAccessorImpl.invoke(DelegatingMethodAccessorImpl.java:43)
	at java.lang.reflect.Method.invoke(Method.java:606)
	at org.junit.runners.model.FrameworkMethod$1.runReflectiveCall(FrameworkMethod.java:44)
	at org.junit.internal.runners.model.ReflectiveCallable.run(ReflectiveCallable.java:15)
	at org.junit.runners.model.FrameworkMethod.invokeExplosively(FrameworkMethod.java:41)
	at org.junit.internal.runners.statements.InvokeMethod.evaluate(InvokeMethod.java:20)
	at org.junit.internal.runners.statements.RunBefores.evaluate(RunBefores.java:28)
	at org.junit.internal.runners.statements.RunAfters.evaluate(RunAfters.java:31)
	at org.junit.runners.BlockJUnit4ClassRunner.runChild(BlockJUnit4ClassRunner.java:73)
	at org.junit.runners.BlockJUnit4ClassRunner.runChild(BlockJUnit4ClassRunner.java:46)
	at org.junit.runners.ParentRunner.runChildren(ParentRunner.java:180)
	at org.junit.runners.ParentRunner.access$000(ParentRunner.java:41)
	at org.junit.runners.ParentRunner$1.evaluate(ParentRunner.java:173)
	at org.junit.internal.runners.statements.RunBefores.evaluate(RunBefores.java:28)
	at org.junit.internal.runners.statements.RunAfters.evaluate(RunAfters.java:31)
	at org.junit.runners.ParentRunner.run(ParentRunner.java:220)
	at org.apache.maven.surefire.junit4.JUnit4TestSet.execute(JUnit4TestSet.java:53)
	at org.apache.maven.surefire.junit4.JUnit4Provider.executeTestSet(JUnit4Provider.java:123)
	at org.apache.maven.surefire.junit4.JUnit4Provider.invoke(JUnit4Provider.java:104)
	at sun.reflect.NativeMethodAccessorImpl.invoke0(Native Method)
	at sun.reflect.NativeMethodAccessorImpl.invoke(NativeMethodAccessorImpl.java:57)
	at sun.reflect.DelegatingMethodAccessorImpl.invoke(DelegatingMethodAccessorImpl.java:43)
	at java.lang.reflect.Method.invoke(Method.java:606)
	at org.apache.maven.surefire.util.ReflectionUtils.invokeMethodWithArray(ReflectionUtils.java:164)
	at org.apache.maven.surefire.booter.ProviderFactory$ProviderProxy.invoke(ProviderFactory.java:110)
	at org.apache.maven.surefire.booter.SurefireStarter.invokeProvider(SurefireStarter.java:175)
	at org.apache.maven.surefire.booter.SurefireStarter.runSuitesInProcessWhenForked(SurefireStarter.java:107)
	at org.apache.maven.surefire.booter.ForkedBooter.main(ForkedBooter.java:68)
[2015-10-19 14:22:28,373] DEBUG {main} tst (mx.gob.imss.cit.dictamen.contador.services.BdtuServiceImplTest::testGetPatronDictamen:31)
[2015-10-19 14:22:28,378] DEBUG {main} cargando1 (mx.gob.imss.cit.dictamen.contador.services.BdtuServiceImplTest::testGetPatronDictamen:32)
[2015-10-19 14:22:28,378] DEBUG {main} cargando (mx.gob.imss.cit.dictamen.contador.services.BdtuServiceImplTest::testGetPatronDictamen:35)
[2015-10-19 14:22:28,916]  INFO {main} Inicializando InitialContext con el servicio: serviciosPersonaBusiness#mx.gob.imss.ctirss.gestionpersonas.servicios.publicos.ServiciosPersonaBusinessRemote (mx.gob.imss.cit.dictamen.contador.services.BaseBdtuService::locate:33)
[2015-10-19 14:22:29,032]  INFO {main} Inicializando InitialContext con el servicio: afectarDatosPersonaBusiness#mx.gob.imss.ctirss.gestionpersonas.servicios.business.AfectarDatosPersonaBusinessRemote (mx.gob.imss.cit.dictamen.contador.services.BaseBdtuService::locate:33)
[2015-10-19 14:22:29,054]  INFO {main} ERROR: En el servicio BdtuServiceBusiness al tratar de obtener una persona fisica por rfc. (mx.gob.imss.cit.dictamen.contador.services.impl.BdtuServiceImpl::obtenerRegistroPersonaFisicaPorRFC:105)
java.lang.NullPointerException
	at mx.gob.imss.cit.dictamen.contador.services.impl.BdtuServiceImpl.obtenerRegistroPersonaFisicaPorRFC(BdtuServiceImpl.java:64)
	at mx.gob.imss.cit.dictamen.contador.services.BdtuServiceImplTest.testGetPatronDictamen(BdtuServiceImplTest.java:47)
	at sun.reflect.NativeMethodAccessorImpl.invoke0(Native Method)
	at sun.reflect.NativeMethodAccessorImpl.invoke(NativeMethodAccessorImpl.java:57)
	at sun.reflect.DelegatingMethodAccessorImpl.invoke(DelegatingMethodAccessorImpl.java:43)
	at java.lang.reflect.Method.invoke(Method.java:606)
	at org.junit.runners.model.FrameworkMethod$1.runReflectiveCall(FrameworkMethod.java:44)
	at org.junit.internal.runners.model.ReflectiveCallable.run(ReflectiveCallable.java:15)
	at org.junit.runners.model.FrameworkMethod.invokeExplosively(FrameworkMethod.java:41)
	at org.junit.internal.runners.statements.InvokeMethod.evaluate(InvokeMethod.java:20)
	at org.junit.internal.runners.statements.RunBefores.evaluate(RunBefores.java:28)
	at org.junit.internal.runners.statements.RunAfters.evaluate(RunAfters.java:31)
	at org.junit.runners.BlockJUnit4ClassRunner.runChild(BlockJUnit4ClassRunner.java:73)
	at org.junit.runners.BlockJUnit4ClassRunner.runChild(BlockJUnit4ClassRunner.java:46)
	at org.junit.runners.ParentRunner.runChildren(ParentRunner.java:180)
	at org.junit.runners.ParentRunner.access$000(ParentRunner.java:41)
	at org.junit.runners.ParentRunner$1.evaluate(ParentRunner.java:173)
	at org.junit.internal.runners.statements.RunBefores.evaluate(RunBefores.java:28)
	at org.junit.internal.runners.statements.RunAfters.evaluate(RunAfters.java:31)
	at org.junit.runners.ParentRunner.run(ParentRunner.java:220)
	at org.apache.maven.surefire.junit4.JUnit4TestSet.execute(JUnit4TestSet.java:53)
	at org.apache.maven.surefire.junit4.JUnit4Provider.executeTestSet(JUnit4Provider.java:123)
	at org.apache.maven.surefire.junit4.JUnit4Provider.invoke(JUnit4Provider.java:104)
	at sun.reflect.NativeMethodAccessorImpl.invoke0(Native Method)
	at sun.reflect.NativeMethodAccessorImpl.invoke(NativeMethodAccessorImpl.java:57)
	at sun.reflect.DelegatingMethodAccessorImpl.invoke(DelegatingMethodAccessorImpl.java:43)
	at java.lang.reflect.Method.invoke(Method.java:606)
	at org.apache.maven.surefire.util.ReflectionUtils.invokeMethodWithArray(ReflectionUtils.java:164)
	at org.apache.maven.surefire.booter.ProviderFactory$ProviderProxy.invoke(ProviderFactory.java:110)
	at org.apache.maven.surefire.booter.SurefireStarter.invokeProvider(SurefireStarter.java:175)
	at org.apache.maven.surefire.booter.SurefireStarter.runSuitesInProcessWhenForked(SurefireStarter.java:107)
	at org.apache.maven.surefire.booter.ForkedBooter.main(ForkedBooter.java:68)
[2015-10-19 14:22:29,060] DEBUG {main}  (mx.gob.imss.cit.dictamen.contador.services.BdtuServiceImplTest::testGetPatronDictamen:53)
java.lang.NullPointerException
	at mx.gob.imss.cit.dictamen.contador.services.BdtuServiceImplTest.testGetPatronDictamen(BdtuServiceImplTest.java:48)
	at sun.reflect.NativeMethodAccessorImpl.invoke0(Native Method)
	at sun.reflect.NativeMethodAccessorImpl.invoke(NativeMethodAccessorImpl.java:57)
	at sun.reflect.DelegatingMethodAccessorImpl.invoke(DelegatingMethodAccessorImpl.java:43)
	at java.lang.reflect.Method.invoke(Method.java:606)
	at org.junit.runners.model.FrameworkMethod$1.runReflectiveCall(FrameworkMethod.java:44)
	at org.junit.internal.runners.model.ReflectiveCallable.run(ReflectiveCallable.java:15)
	at org.junit.runners.model.FrameworkMethod.invokeExplosively(FrameworkMethod.java:41)
	at org.junit.internal.runners.statements.InvokeMethod.evaluate(InvokeMethod.java:20)
	at org.junit.internal.runners.statements.RunBefores.evaluate(RunBefores.java:28)
	at org.junit.internal.runners.statements.RunAfters.evaluate(RunAfters.java:31)
	at org.junit.runners.BlockJUnit4ClassRunner.runChild(BlockJUnit4ClassRunner.java:73)
	at org.junit.runners.BlockJUnit4ClassRunner.runChild(BlockJUnit4ClassRunner.java:46)
	at org.junit.runners.ParentRunner.runChildren(ParentRunner.java:180)
	at org.junit.runners.ParentRunner.access$000(ParentRunner.java:41)
	at org.junit.runners.ParentRunner$1.evaluate(ParentRunner.java:173)
	at org.junit.internal.runners.statements.RunBefores.evaluate(RunBefores.java:28)
	at org.junit.internal.runners.statements.RunAfters.evaluate(RunAfters.java:31)
	at org.junit.runners.ParentRunner.run(ParentRunner.java:220)
	at org.apache.maven.surefire.junit4.JUnit4TestSet.execute(JUnit4TestSet.java:53)
	at org.apache.maven.surefire.junit4.JUnit4Provider.executeTestSet(JUnit4Provider.java:123)
	at org.apache.maven.surefire.junit4.JUnit4Provider.invoke(JUnit4Provider.java:104)
	at sun.reflect.NativeMethodAccessorImpl.invoke0(Native Method)
	at sun.reflect.NativeMethodAccessorImpl.invoke(NativeMethodAccessorImpl.java:57)
	at sun.reflect.DelegatingMethodAccessorImpl.invoke(DelegatingMethodAccessorImpl.java:43)
	at java.lang.reflect.Method.invoke(Method.java:606)
	at org.apache.maven.surefire.util.ReflectionUtils.invokeMethodWithArray(ReflectionUtils.java:164)
	at org.apache.maven.surefire.booter.ProviderFactory$ProviderProxy.invoke(ProviderFactory.java:110)
	at org.apache.maven.surefire.booter.SurefireStarter.invokeProvider(SurefireStarter.java:175)
	at org.apache.maven.surefire.booter.SurefireStarter.runSuitesInProcessWhenForked(SurefireStarter.java:107)
	at org.apache.maven.surefire.booter.ForkedBooter.main(ForkedBooter.java:68)
[2015-10-19 14:44:36,632] DEBUG {main} tst (mx.gob.imss.cit.dictamen.contador.services.BdtuServiceImplTest::testGetPatronDictamen:31)
[2015-10-19 14:44:36,639] DEBUG {main} cargando1 (mx.gob.imss.cit.dictamen.contador.services.BdtuServiceImplTest::testGetPatronDictamen:32)
[2015-10-19 14:44:36,639] DEBUG {main} cargando (mx.gob.imss.cit.dictamen.contador.services.BdtuServiceImplTest::testGetPatronDictamen:35)
[2015-10-19 14:44:37,186]  INFO {main} Inicializando InitialContext con el servicio: serviciosPersonaBusiness#mx.gob.imss.ctirss.gestionpersonas.servicios.publicos.ServiciosPersonaBusinessRemote (mx.gob.imss.cit.dictamen.contador.services.BaseBdtuService::locate:33)
[2015-10-19 14:44:37,281]  INFO {main} Inicializando InitialContext con el servicio: afectarDatosPersonaBusiness#mx.gob.imss.ctirss.gestionpersonas.servicios.business.AfectarDatosPersonaBusinessRemote (mx.gob.imss.cit.dictamen.contador.services.BaseBdtuService::locate:33)
[2015-10-19 14:44:37,300]  INFO {main} ERROR: En el servicio BdtuServiceBusiness al tratar de obtener una persona fisica por rfc. (mx.gob.imss.cit.dictamen.contador.services.impl.BdtuServiceImpl::obtenerRegistroPersonaFisicaPorRFC:105)
java.lang.NullPointerException
	at mx.gob.imss.cit.dictamen.contador.services.impl.BdtuServiceImpl.obtenerRegistroPersonaFisicaPorRFC(BdtuServiceImpl.java:64)
	at mx.gob.imss.cit.dictamen.contador.services.BdtuServiceImplTest.testGetPatronDictamen(BdtuServiceImplTest.java:47)
	at sun.reflect.NativeMethodAccessorImpl.invoke0(Native Method)
	at sun.reflect.NativeMethodAccessorImpl.invoke(NativeMethodAccessorImpl.java:57)
	at sun.reflect.DelegatingMethodAccessorImpl.invoke(DelegatingMethodAccessorImpl.java:43)
	at java.lang.reflect.Method.invoke(Method.java:606)
	at org.junit.runners.model.FrameworkMethod$1.runReflectiveCall(FrameworkMethod.java:44)
	at org.junit.internal.runners.model.ReflectiveCallable.run(ReflectiveCallable.java:15)
	at org.junit.runners.model.FrameworkMethod.invokeExplosively(FrameworkMethod.java:41)
	at org.junit.internal.runners.statements.InvokeMethod.evaluate(InvokeMethod.java:20)
	at org.junit.internal.runners.statements.RunBefores.evaluate(RunBefores.java:28)
	at org.junit.internal.runners.statements.RunAfters.evaluate(RunAfters.java:31)
	at org.junit.runners.BlockJUnit4ClassRunner.runChild(BlockJUnit4ClassRunner.java:73)
	at org.junit.runners.BlockJUnit4ClassRunner.runChild(BlockJUnit4ClassRunner.java:46)
	at org.junit.runners.ParentRunner.runChildren(ParentRunner.java:180)
	at org.junit.runners.ParentRunner.access$000(ParentRunner.java:41)
	at org.junit.runners.ParentRunner$1.evaluate(ParentRunner.java:173)
	at org.junit.internal.runners.statements.RunBefores.evaluate(RunBefores.java:28)
	at org.junit.internal.runners.statements.RunAfters.evaluate(RunAfters.java:31)
	at org.junit.runners.ParentRunner.run(ParentRunner.java:220)
	at org.apache.maven.surefire.junit4.JUnit4TestSet.execute(JUnit4TestSet.java:53)
	at org.apache.maven.surefire.junit4.JUnit4Provider.executeTestSet(JUnit4Provider.java:123)
	at org.apache.maven.surefire.junit4.JUnit4Provider.invoke(JUnit4Provider.java:104)
	at sun.reflect.NativeMethodAccessorImpl.invoke0(Native Method)
	at sun.reflect.NativeMethodAccessorImpl.invoke(NativeMethodAccessorImpl.java:57)
	at sun.reflect.DelegatingMethodAccessorImpl.invoke(DelegatingMethodAccessorImpl.java:43)
	at java.lang.reflect.Method.invoke(Method.java:606)
	at org.apache.maven.surefire.util.ReflectionUtils.invokeMethodWithArray(ReflectionUtils.java:164)
	at org.apache.maven.surefire.booter.ProviderFactory$ProviderProxy.invoke(ProviderFactory.java:110)
	at org.apache.maven.surefire.booter.SurefireStarter.invokeProvider(SurefireStarter.java:175)
	at org.apache.maven.surefire.booter.SurefireStarter.runSuitesInProcessWhenForked(SurefireStarter.java:107)
	at org.apache.maven.surefire.booter.ForkedBooter.main(ForkedBooter.java:68)
[2015-10-19 14:44:37,306] DEBUG {main}  (mx.gob.imss.cit.dictamen.contador.services.BdtuServiceImplTest::testGetPatronDictamen:53)
java.lang.NullPointerException
	at mx.gob.imss.cit.dictamen.contador.services.BdtuServiceImplTest.testGetPatronDictamen(BdtuServiceImplTest.java:48)
	at sun.reflect.NativeMethodAccessorImpl.invoke0(Native Method)
	at sun.reflect.NativeMethodAccessorImpl.invoke(NativeMethodAccessorImpl.java:57)
	at sun.reflect.DelegatingMethodAccessorImpl.invoke(DelegatingMethodAccessorImpl.java:43)
	at java.lang.reflect.Method.invoke(Method.java:606)
	at org.junit.runners.model.FrameworkMethod$1.runReflectiveCall(FrameworkMethod.java:44)
	at org.junit.internal.runners.model.ReflectiveCallable.run(ReflectiveCallable.java:15)
	at org.junit.runners.model.FrameworkMethod.invokeExplosively(FrameworkMethod.java:41)
	at org.junit.internal.runners.statements.InvokeMethod.evaluate(InvokeMethod.java:20)
	at org.junit.internal.runners.statements.RunBefores.evaluate(RunBefores.java:28)
	at org.junit.internal.runners.statements.RunAfters.evaluate(RunAfters.java:31)
	at org.junit.runners.BlockJUnit4ClassRunner.runChild(BlockJUnit4ClassRunner.java:73)
	at org.junit.runners.BlockJUnit4ClassRunner.runChild(BlockJUnit4ClassRunner.java:46)
	at org.junit.runners.ParentRunner.runChildren(ParentRunner.java:180)
	at org.junit.runners.ParentRunner.access$000(ParentRunner.java:41)
	at org.junit.runners.ParentRunner$1.evaluate(ParentRunner.java:173)
	at org.junit.internal.runners.statements.RunBefores.evaluate(RunBefores.java:28)
	at org.junit.internal.runners.statements.RunAfters.evaluate(RunAfters.java:31)
	at org.junit.runners.ParentRunner.run(ParentRunner.java:220)
	at org.apache.maven.surefire.junit4.JUnit4TestSet.execute(JUnit4TestSet.java:53)
	at org.apache.maven.surefire.junit4.JUnit4Provider.executeTestSet(JUnit4Provider.java:123)
	at org.apache.maven.surefire.junit4.JUnit4Provider.invoke(JUnit4Provider.java:104)
	at sun.reflect.NativeMethodAccessorImpl.invoke0(Native Method)
	at sun.reflect.NativeMethodAccessorImpl.invoke(NativeMethodAccessorImpl.java:57)
	at sun.reflect.DelegatingMethodAccessorImpl.invoke(DelegatingMethodAccessorImpl.java:43)
	at java.lang.reflect.Method.invoke(Method.java:606)
	at org.apache.maven.surefire.util.ReflectionUtils.invokeMethodWithArray(ReflectionUtils.java:164)
	at org.apache.maven.surefire.booter.ProviderFactory$ProviderProxy.invoke(ProviderFactory.java:110)
	at org.apache.maven.surefire.booter.SurefireStarter.invokeProvider(SurefireStarter.java:175)
	at org.apache.maven.surefire.booter.SurefireStarter.runSuitesInProcessWhenForked(SurefireStarter.java:107)
	at org.apache.maven.surefire.booter.ForkedBooter.main(ForkedBooter.java:68)
