
Importing Model from XMI
Root Package: Dictamen
Unknown Version Control configuration: Dictamen
Add Classifier Role: Modelo funcional
Add Classifier Role: Despliegue
Add Classifier Role: Diseño técnico
Add Classifier Role: Componentes de software
Add Classifier Role: Modelo de procesos
Add Classifier Role: Modelo de dominio
Add Classifier Role: Requerimientos
Append Package: Componentes de software
Add Classifier Role: Gestores de trabajo
Add Classifier Role: Fuente de datos
Add Classifier Role: Mensajeria
Add Classifier Role: Referencias externas
Add Classifier Role: Aplicativos
Append Package: Aplicativos
Append Package: Fuente de datos
Append Package: Gestores de trabajo
Append Package: Mensajeria
Append Package: Referencias externas
Add Classifier Role: arquitectura-lib-spring-client
Append Package: arquitectura-lib-spring-client
Add Classifier Role: mx
Append Package: mx
Add Classifier Role: com
Append Package: com
Add Classifier Role: procesar
Append Package: procesar
Add Classifier Role: arquitectura
Append Package: arquitectura
Add Classifier Role: model
Add Classifier Role: ejb
Add Classifier Role: messaging
Add Classifier Role: dto
Add Classifier Role: validate
Add Classifier Role: enums
Add Classifier Role: security
Add Classifier Role: web
Add Classifier Role: test
Add Classifier Role: service
Add Classifier Role: ds
Add Classifier Role: thread
Add Classifier Role: dao
Add Classifier Role: naming
Add Classifier Role: spring
Add Classifier Role: ws
Add Classifier Role: util
Add Classifier Role: mapper
Add Classifier Role: logger
Add Classifier Role: vo
Add Classifier Role: exception
Append Package: dao
Add Classifier: Filter
Add Classifier: Query
Add Classifier: Pagination
Add Classifier: FilterWhere
Add Classifier: BaseDAO
Add Classifier Role: impl
Add Classifier Role: enums
Append Package: enums
Add Classifier: FilterWhereType
Append Package: impl
Add Classifier: BaseDAOImpl
Append Package: ds
Add Classifier: BaseDS
Add Classifier Role: impl
Append Package: impl
Add Classifier: BaseDSImpl
Append Package: dto
Add Classifier: BaseDTO
Append Package: ejb
Add Classifier: BaseEJB
Append Package: enums
Add Classifier: BusinessError
Append Package: exception
Add Classifier: DSException
Add Classifier: DAOException
Add Classifier: BusinessException
Append Package: logger
Add Classifier: Logger
Add Classifier: LoggerFactory
Append Package: mapper
Add Classifier: MapService
Append Package: messaging
Add Classifier Role: types
Append Package: types
Add Classifier: Topic
Add Classifier: Queue
Append Package: model
Add Classifier: BaseDO
Append Package: naming
Add Classifier: Naming
Add Classifier: NamingFactory
Add Classifier Role: types
Append Package: types
Add Classifier: LookupData
Append Package: security
Add Classifier: SecurityContext
Add Classifier: Security
Add Classifier: SecurityFactory
Add Classifier Role: ejb
Add Classifier Role: util
Append Package: ejb
Add Classifier: BaseSecurityEJB
Append Package: util
Add Classifier: SecurityUtil
Add Classifier: EncryptUtil
Append Package: service
Add Classifier Role: impl
Append Package: impl
Add Classifier: BaseMapService
Add Classifier: BaseService
Append Package: spring
Add Classifier Role: ws
Add Classifier Role: ejb
Add Classifier Role: util
Add Classifier Role: test
Add Classifier Role: web
Append Package: ejb
Add Classifier: BaseSpringMessageDrivenEJB
Add Classifier: BaseSpringSecurityEJB
Add Classifier: BaseSpringEJB
Append Package: test
Add Classifier: BaseSpringTestCase
Add Classifier: BaseTransactionalSpringTestCase
Append Package: util
Add Classifier: SpringUtil
Append Package: web
Add Classifier Role: controller
Append Package: controller
Add Classifier Role: impl
Append Package: impl
Add Classifier: BaseSpringController
Append Package: ws
Add Classifier: BaseSpringWebService
Append Package: test
Add Classifier: BaseDAOTestCase
Add Classifier: BaseTestCase
Append Package: thread
Add Classifier: ThreadWork
Add Classifier Role: impl
Append Package: impl
Add Classifier: BaseThreadWork
Append Package: util
Add Classifier: ReflectionUtil
Add Classifier: DateUtil
Add Classifier: Util
Append Package: validate
Add Classifier: Validator
Append Package: vo
Add Classifier: BaseVO
Append Package: web
Add Classifier Role: zk
Add Classifier Role: controller
Append Package: controller
Add Classifier Role: impl
Append Package: impl
Add Classifier: BaseController
Append Package: zk
Add Classifier Role: component
Append Package: component
Add Classifier: ListboxHeader
Add Classifier: PagingTab
Add Classifier: Tab
Add Classifier: Window
Add Classifier: Column
Add Classifier: Grid
Add Classifier: Listbox
Add Classifier: Menu
Add Classifier: ListboxListModel
Add Classifier: ListboxRenderer
Add Classifier: Combobox
Add Classifier: RowRenderer
Add Classifier Role: event
Add Classifier Role: impl
Append Package: event
Add Classifier: ListboxListener
Add Classifier: GridListener
Add Classifier: PaggingTabListener
Append Package: impl
Add Classifier: BasePaging
Append Package: ws
Add Classifier: BaseWebService
Add Classifier Role: security
Add Classifier Role: xml
Append Package: security
Add Classifier Role: handler
Append Package: handler
Add Classifier: SecurityRPCHandler
Append Package: xml
Add Classifier Role: types
Append Package: types
Add Classifier: WebServiceData
Append Package: Despliegue
Add Classifier Role: Pre producción
Add Classifier Role: Desarrollo
Add Classifier Role: Certificación
Add Classifier Role: Integración
Add Classifier Role: Producción
Append Package: Certificación
Append Package: Desarrollo
Append Package: Integración
Append Package: Pre producción
Append Package: Producción
Append Package: Diseño técnico
Append Package: Modelo de dominio
Append Package: Modelo de procesos
Append Package: Modelo funcional
Append Package: Requerimientos
Resolving Classifiers
Resolving Owners
Resolve Package Links
Add Extensions
Add Diagrams
Adding Diagram : Certificación
Adding Diagram : Desarrollo
Adding Diagram : Integración
Adding Diagram : Pre producción
Adding Diagram : Producción
Resolving DiagramIDs
Resolving Association Classes
Resolving Parameter Types
Resolving Attribute Types
Resolving Note links
Fixup external references
Import Complete!
