2015-09-28 15:40:02 INFO  NdtPatronDictamenDAOTest:41 - prueba
2015-09-28 15:40:02 INFO  NdtPatronDictamenDAOTest:43 - Lista: 1
2015-10-02 11:30:15 INFO  NdtAtestiguamientoDictamenDAO:35 - prueba
2015-10-02 11:30:17 INFO  NdtAtestiguamientoDictamenDAO:37 - Lista: 10
2015-10-02 11:30:17 INFO  NdtAtestiguamientoDictamenDAO:39 - Remuneraciones pagadas en efectivo vía nómina a los trabajadores en el ejercicio dictaminado
2015-10-02 11:30:17 INFO  NdtAtestiguamientoDictamenDAO:39 - Prestaciones otorgadas a los trabajadores en el ejercicio dictaminado
2015-10-02 11:30:17 INFO  NdtAtestiguamientoDictamenDAO:39 - Cuotas obrero patronales enteradas al Instituto
2015-10-02 11:30:17 INFO  NdtAtestiguamientoDictamenDAO:39 - Pagos efectuados a personas físicas
2015-10-02 11:30:17 INFO  NdtAtestiguamientoDictamenDAO:39 - Prestación de servicios de personal
2015-10-02 11:30:17 INFO  NdtAtestiguamientoDictamenDAO:39 - Subcontratación de servicios de personal
2015-10-02 11:30:17 INFO  NdtAtestiguamientoDictamenDAO:39 - Clasificación de empresas
2015-10-02 11:30:17 INFO  NdtAtestiguamientoDictamenDAO:39 - Balanza de comprobación
2015-10-02 11:30:17 INFO  NdtAtestiguamientoDictamenDAO:39 - Obras de construcción
2015-10-02 11:30:17 INFO  NdtAtestiguamientoDictamenDAO:39 - Otros aspectos a atestiguar
2015-10-02 13:48:08 INFO  NdcAtestiguamientoDAO:27 - prueba
2015-10-02 13:52:57 INFO  NdcAtestiguamientoDAO:27 - prueba
2015-10-02 13:54:51 INFO  NdcAtestiguamientoDAO:27 - prueba
2015-10-02 13:56:23 INFO  NdcAtestiguamientoDAO:27 - prueba
2015-10-02 13:56:27 INFO  NdcAtestiguamientoDAO:29 - 2
2015-10-02 13:56:50 INFO  NdcAtestiguamientoDAO:27 - prueba
2015-10-02 16:29:22 INFO  NdcAtestiguamientoDAO:29 - 2
2015-10-02 16:36:31 INFO  NdcAtestiguamientoDAO:27 - prueba
2015-10-02 16:40:39 INFO  NdcAtestiguamientoDAO:29 - 1
2015-10-02 17:00:31 INFO  NdcAtestiguamientoDAO:27 - prueba
2015-10-02 17:01:07 INFO  NdcAtestiguamientoDAO:29 - 1
