2015-10-13 21:10:01 INFO  NdtContadorPublicoAutDAOTest:42 - prueba
2015-10-13 21:10:05 INFO  NdtContadorPublicoAutDAOTest:44 - Lista: 7897
2015-10-14 11:05:30 INFO  NdtContadorPublicoAutDAOTest:42 - prueba
2015-10-14 11:05:34 INFO  NdtContadorPublicoAutDAOTest:44 - Lista: 7897
2015-10-15 20:20:16 INFO  NdtContadorPublicoAutDAOTest:43 - prueba
2015-10-15 20:23:15 INFO  NdtContadorPublicoAutDAOTest:43 - prueba
2015-10-15 20:23:59 INFO  NdtContadorPublicoAutDAOTest:43 - prueba
2015-10-15 20:33:45 INFO  NdtContadorPublicoAutDAOTest:43 - prueba
2015-10-15 21:44:08 INFO  NdtContadorPublicoAutDAOTest:43 - prueba
2015-10-15 21:44:08 DEBUG NdtContadorPublicoAutDAOImpl:36 - curp=RE
2015-10-16 10:13:57 INFO  NdtContadorPublicoAutDAOTest:43 - prueba
2015-10-16 10:13:57 DEBUG DitPersonaDAOImpl:36 - curp=RE
2015-10-16 10:30:49 INFO  DitPersonaDAOTest:31 - prueba
2015-10-16 10:30:49 DEBUG NdtContadorPublicoAutDAOImpl:33 - curp=1
2015-10-16 18:32:38 INFO  DitPersonaDAOTest:43 - prueba
2015-10-16 18:32:38 DEBUG DitPersonaDAOImpl:36 - curp=RE
2015-10-19 14:54:49 INFO  DitPersonaDAOTest:43 - prueba
2015-10-19 14:54:49 DEBUG DitPersonaDAOImpl:35 - curp=RE
2015-10-19 14:54:49 INFO  DitPersonaDAOTest:31 - prueba
2015-10-19 14:54:49 DEBUG NdtContadorPublicoAutDAOImpl:36 - curp=1
2015-10-19 14:57:04 INFO  DitPersonaDAOTest:43 - prueba
2015-10-19 14:57:04 DEBUG DitPersonaDAOImpl:35 - curp=RE
2015-10-19 14:57:04 INFO  DitPersonaDAOTest:31 - prueba
2015-10-19 14:57:04 DEBUG NdtContadorPublicoAutDAOImpl:36 - curp=1
2015-10-19 17:54:28 INFO  DitPersonaDAOTest:28 - prueba
2015-10-19 17:54:28 DEBUG NdtContadorPublicoAutDAOImpl:36 - cveIdPersona=37472955
2015-10-19 17:54:28 INFO  DitPersonaDAOTest:31 - Lista: mx.gob.imss.cit.dictamen.model.NdtContadorPublicoAutDO[ cveIdCpa=50481 ]
2015-10-19 17:57:24 INFO  DitPersonaDAOTest:28 - prueba
2015-10-19 17:57:24 DEBUG NdtContadorPublicoAutDAOImpl:36 - cveIdPersona=37472955
2015-10-19 17:57:24 INFO  DitPersonaDAOTest:31 - Lista: mx.gob.imss.cit.dictamen.model.NdtContadorPublicoAutDO[ cveIdCpa=50481 ]
2015-10-19 17:58:05 INFO  DitPersonaDAOTest:28 - prueba
2015-10-19 17:58:05 DEBUG NdtContadorPublicoAutDAOImpl:36 - cveIdPersona=37472955
2015-10-19 17:58:05 INFO  DitPersonaDAOTest:31 - Lista: mx.gob.imss.cit.dictamen.model.NdtContadorPublicoAutDO[ cveIdCpa=50481 ]
2015-10-19 17:58:05 INFO  DitPersonaDAOTest:32 - Lista.size: 1
2015-10-27 20:45:42 INFO  DitPersonaDAOTest:43 - prueba
2015-10-27 20:45:42 DEBUG DitPersonaDAOImpl:35 - curp=RE
2015-10-27 20:45:42 INFO  DitPersonaDAOTest:28 - prueba
2015-10-27 20:45:42 DEBUG NdtContadorPublicoAutDAOImpl:36 - cveIdPersona=37472955
2015-10-27 20:45:43 DEBUG NdtContadorPublicoAutDAOImpl:46 - No hay personas con cveIdPersona=37472955
2015-10-27 20:45:43 INFO  DitPersonaDAOTest:31 - Lista: null
